2014-07-04 05:57:32 Debug: Notice (8): Undefined variable: validate in [E:\xampp\htdocs\cakephp\app\models\valid.php, line 68]
2014-07-04 05:58:20 Debug: Notice (8): Undefined variable: min in [E:\xampp\htdocs\cakephp\cake\libs\validation.php, line 618]
2014-07-04 05:58:20 Debug: Notice (8): Undefined variable: max in [E:\xampp\htdocs\cakephp\cake\libs\validation.php, line 631]
2014-07-04 05:59:44 Debug: Notice (8): Undefined variable: min in [E:\xampp\htdocs\cakephp\cake\libs\validation.php, line 618]
2014-07-04 05:59:44 Debug: Notice (8): Undefined variable: max in [E:\xampp\htdocs\cakephp\cake\libs\validation.php, line 631]
2014-07-08 02:47:20 Debug: Notice (8): Undefined variable: qr in [E:\xampp\htdocs\cakephp\app\controllers\users_controller.php, line 16]
2014-07-08 05:51:21 Debug: Notice (8): Undefined property: View::$User in [E:\xampp\htdocs\cakephp\app\views\users\cautruyvan.ctp, line 24]
2014-07-08 05:51:21 Debug: Notice (8): Trying to get property of non-object in [E:\xampp\htdocs\cakephp\app\views\users\cautruyvan.ctp, line 24]
2014-07-08 06:03:22 Debug: Notice (8): Undefined property: UsersController::$Auth in [E:\xampp\htdocs\cakephp\app\controllers\users_controller.php, line 6]
2014-07-09 02:22:39 Debug: Notice (8): Undefined variable: javascript in [E:\xampp\htdocs\cakephp\app\views\layouts\default.ctp, line 32]
2014-07-09 02:22:44 Debug: Notice (8): Undefined variable: javascript in [E:\xampp\htdocs\cakephp\app\views\layouts\default.ctp, line 32]
2014-07-09 02:23:21 Debug: Notice (8): Undefined variable: javascript in [E:\xampp\htdocs\cakephp\app\views\layouts\default.ctp, line 32]
2014-07-09 02:23:32 Debug: Notice (8): Undefined variable: javascript in [E:\xampp\htdocs\cakephp\app\views\layouts\default.ctp, line 32]
2014-07-09 02:23:35 Debug: Notice (8): Undefined variable: javascript in [E:\xampp\htdocs\cakephp\app\views\layouts\default.ctp, line 32]
2014-07-09 02:23:59 Debug: Notice (8): Undefined variable: javascript in [E:\xampp\htdocs\cakephp\app\views\layouts\default.ctp, line 32]
2014-07-09 02:24:52 Debug: Notice (8): Undefined variable: javascript in [E:\xampp\htdocs\cakephp\app\views\layouts\default.ctp, line 32]
2014-07-09 02:24:52 Debug: Notice (8): Undefined variable: javascript in [E:\xampp\htdocs\cakephp\app\views\layouts\default.ctp, line 32]
2014-07-09 02:24:58 Debug: Notice (8): Undefined variable: javascript in [E:\xampp\htdocs\cakephp\app\views\layouts\default.ctp, line 32]
2014-07-09 02:24:59 Debug: Notice (8): Undefined variable: javascript in [E:\xampp\htdocs\cakephp\app\views\layouts\default.ctp, line 32]
2014-07-09 02:30:12 Debug: Notice (8): Undefined property: TaocomponentController::$Common in [E:\xampp\htdocs\cakephp\app\controllers\taocomponent_controller.php, line 8]
2014-07-09 02:30:14 Debug: Notice (8): Undefined property: TaocomponentController::$Common in [E:\xampp\htdocs\cakephp\app\controllers\taocomponent_controller.php, line 8]
2014-07-09 02:30:29 Debug: Notice (8): Undefined property: TaocomponentController::$Common in [E:\xampp\htdocs\cakephp\app\controllers\taocomponent_controller.php, line 8]
2014-07-09 02:32:08 Debug: Notice (8): Undefined property: TaocomponentController::$Common in [E:\xampp\htdocs\cakephp\app\controllers\taocomponent_controller.php, line 13]
2014-07-09 02:33:49 Debug: Notice (8): Undefined property: TaocomponentController::$Common in [E:\xampp\htdocs\cakephp\app\controllers\taocomponent_controller.php, line 13]
2014-07-09 02:33:50 Debug: Notice (8): Undefined property: TaocomponentController::$Common in [E:\xampp\htdocs\cakephp\app\controllers\taocomponent_controller.php, line 13]
2014-07-09 02:33:51 Debug: Notice (8): Undefined property: TaocomponentController::$Common in [E:\xampp\htdocs\cakephp\app\controllers\taocomponent_controller.php, line 13]
2014-07-09 02:33:52 Debug: Notice (8): Undefined property: TaocomponentController::$Common in [E:\xampp\htdocs\cakephp\app\controllers\taocomponent_controller.php, line 13]
2014-07-09 06:09:45 Debug: Notice (8): Undefined property: View::$Test in [E:\xampp\htdocs\cakephp\app\views\taocomponent\test_helper.ctp, line 2]
2014-07-09 06:10:00 Debug: Notice (8): Undefined variable: sum in [E:\xampp\htdocs\cakephp\app\views\helpers\test.php, line 19]
2014-07-09 06:10:00 Debug: Notice (8): Undefined variable: code in [E:\xampp\htdocs\cakephp\app\views\helpers\test.php, line 22]
2014-07-09 06:11:16 Debug: Notice (8): Undefined variable: sum in [E:\xampp\htdocs\cakephp\app\views\helpers\test.php, line 19]
2014-07-09 06:11:16 Debug: Notice (8): Undefined variable: code in [E:\xampp\htdocs\cakephp\app\views\helpers\test.php, line 22]
2014-07-09 06:11:27 Debug: Notice (8): Undefined variable: num in [E:\xampp\htdocs\cakephp\app\views\helpers\test.php, line 9]
2014-07-09 06:11:27 Debug: Notice (8): Undefined variable: code in [E:\xampp\htdocs\cakephp\app\views\helpers\test.php, line 12]
2014-07-09 06:11:28 Debug: Notice (8): Undefined variable: num in [E:\xampp\htdocs\cakephp\app\views\helpers\test.php, line 9]
2014-07-09 06:11:28 Debug: Notice (8): Undefined variable: code in [E:\xampp\htdocs\cakephp\app\views\helpers\test.php, line 12]
2014-07-15 03:07:23 Debug: Notice (8): Undefined property: DepartmentsController::$Departmanet in [E:\xampp\htdocs\demo\cakephp\app\controllers\departments_controller.php, line 6]
2014-07-15 03:08:18 Debug: Notice (8): Undefined property: DepartmentsController::$Departmanet in [E:\xampp\htdocs\demo\cakephp\app\controllers\departments_controller.php, line 6]
2014-07-15 03:08:20 Debug: Notice (8): Undefined property: DepartmentsController::$Departmanet in [E:\xampp\htdocs\demo\cakephp\app\controllers\departments_controller.php, line 6]
2014-07-15 03:09:25 Debug: Notice (8): Undefined property: DepartmentsController::$Departmanet in [E:\xampp\htdocs\demo\cakephp\app\controllers\departments_controller.php, line 6]
2014-07-15 03:09:26 Debug: Notice (8): Undefined property: DepartmentsController::$Departmanet in [E:\xampp\htdocs\demo\cakephp\app\controllers\departments_controller.php, line 6]
2014-07-15 03:10:51 Debug: Notice (8): Undefined property: DepartmentsController::$Departmanet in [E:\xampp\htdocs\demo\cakephp\app\controllers\departments_controller.php, line 6]
2014-07-15 03:10:52 Debug: Notice (8): Undefined property: DepartmentsController::$Departmanet in [E:\xampp\htdocs\demo\cakephp\app\controllers\departments_controller.php, line 6]
2014-07-15 06:44:01 Debug: Notice (8): Undefined variable: toEmail in [E:\xampp\htdocs\demo\cakephp\app\plugins\feedback\controllers\feedback_send_controller.php, line 9]
2014-07-15 06:44:02 Debug: Notice (8): Undefined variable: toEmail in [E:\xampp\htdocs\demo\cakephp\app\plugins\feedback\controllers\feedback_send_controller.php, line 9]
