2014-07-02 09:51:18 Warning: Warning (512): <span style="color:Red;text-align:left"><b>SQL Error:</b> 1064: You have an error in your SQL syntax; check the manual that corresponds to your MySQL server version for the right syntax to use near 'findAll' at line 1</span> in [E:\xampp\htdocs\cakephp\cake\libs\model\datasources\dbo_source.php, line 684]
2014-07-02 09:51:18 Warning: Warning (512): <span style="color:Red;text-align:left"><b>SQL Error:</b> 1064: You have an error in your SQL syntax; check the manual that corresponds to your MySQL server version for the right syntax to use near 'findAll' at line 1</span> in [E:\xampp\htdocs\cakephp\cake\libs\model\datasources\dbo_source.php, line 684]
2014-07-04 04:00:28 Warning: Warning (512): <span style="color:Red;text-align:left"><b>SQL Error:</b> 1064: You have an error in your SQL syntax; check the manual that corresponds to your MySQL server version for the right syntax to use near 'valid_01' at line 1</span> in [E:\xampp\htdocs\cakephp\cake\libs\model\datasources\dbo_source.php, line 684]
2014-07-04 04:00:29 Warning: Warning (512): <span style="color:Red;text-align:left"><b>SQL Error:</b> 1064: You have an error in your SQL syntax; check the manual that corresponds to your MySQL server version for the right syntax to use near 'valid_01' at line 1</span> in [E:\xampp\htdocs\cakephp\cake\libs\model\datasources\dbo_source.php, line 684]
2014-07-04 04:07:53 Warning: Warning (512): <span style="color:Red;text-align:left"><b>SQL Error:</b> 1064: You have an error in your SQL syntax; check the manual that corresponds to your MySQL server version for the right syntax to use near 'valid_01' at line 1</span> in [E:\xampp\htdocs\cakephp\cake\libs\model\datasources\dbo_source.php, line 684]
2014-07-04 04:07:55 Warning: Warning (512): <span style="color:Red;text-align:left"><b>SQL Error:</b> 1064: You have an error in your SQL syntax; check the manual that corresponds to your MySQL server version for the right syntax to use near 'valid_01' at line 1</span> in [E:\xampp\htdocs\cakephp\cake\libs\model\datasources\dbo_source.php, line 684]
2014-07-04 05:58:20 Warning: Warning (2): Missing argument 2 for Validation::minLength(), called in E:\xampp\htdocs\cakephp\cake\libs\object.php on line 112 and defined in [E:\xampp\htdocs\cakephp\cake\libs\validation.php, line 616]
2014-07-04 05:58:20 Warning: Warning (2): Missing argument 2 for Validation::maxLength(), called in E:\xampp\htdocs\cakephp\cake\libs\object.php on line 112 and defined in [E:\xampp\htdocs\cakephp\cake\libs\validation.php, line 629]
2014-07-04 05:59:44 Warning: Warning (2): Missing argument 2 for Validation::minLength(), called in E:\xampp\htdocs\cakephp\cake\libs\object.php on line 112 and defined in [E:\xampp\htdocs\cakephp\cake\libs\validation.php, line 616]
2014-07-04 05:59:44 Warning: Warning (2): Missing argument 2 for Validation::maxLength(), called in E:\xampp\htdocs\cakephp\cake\libs\object.php on line 112 and defined in [E:\xampp\htdocs\cakephp\cake\libs\validation.php, line 629]
2014-07-05 04:34:15 Warning: Warning (2): explode() expects parameter 2 to be string, array given in [E:\xampp\htdocs\cakephp\cake\libs\view\helper.php, line 415]
2014-07-05 04:34:15 Warning: Warning (2): array_values() expects parameter 1 to be array, boolean given in [E:\xampp\htdocs\cakephp\cake\libs\view\helper.php, line 415]
2014-07-05 04:34:15 Warning: Warning (2): explode() expects parameter 2 to be string, array given in [E:\xampp\htdocs\cakephp\cake\libs\view\view.php, line 626]
2014-07-05 04:34:15 Warning: Warning (2): array_shift() expects parameter 1 to be array, boolean given in [E:\xampp\htdocs\cakephp\cake\libs\view\helper.php, line 616]
2014-07-05 04:34:15 Warning: Warning (2): array_map() [<a href='http://php.net/function.array-map'>function.array-map</a>]: Argument #2 should be an array in [E:\xampp\htdocs\cakephp\cake\libs\view\helper.php, line 617]
2014-07-05 04:34:15 Warning: Warning (2): join() [<a href='http://php.net/function.join'>function.join</a>]: Invalid arguments passed in [E:\xampp\htdocs\cakephp\cake\libs\view\helper.php, line 617]
2014-07-05 04:34:15 Warning: Warning (2): strpos() expects parameter 1 to be string, array given in [E:\xampp\htdocs\cakephp\cake\libs\view\helpers\form.php, line 549]
2014-07-05 04:34:15 Warning: Warning (2): explode() expects parameter 2 to be string, array given in [E:\xampp\htdocs\cakephp\cake\libs\view\helpers\form.php, line 550]
2014-07-05 04:34:15 Warning: Warning (2): array_pop() expects parameter 1 to be array, null given in [E:\xampp\htdocs\cakephp\cake\libs\view\helpers\form.php, line 550]
2014-07-05 04:34:15 Warning: Warning (2): implode() [<a href='http://php.net/function.implode'>function.implode</a>]: Invalid arguments passed in [E:\xampp\htdocs\cakephp\cake\libs\view\helper.php, line 662]
2014-07-05 04:52:28 Warning: Warning (2): explode() expects parameter 2 to be string, array given in [E:\xampp\htdocs\cakephp\cake\libs\view\helper.php, line 415]
2014-07-05 04:52:28 Warning: Warning (2): array_values() expects parameter 1 to be array, boolean given in [E:\xampp\htdocs\cakephp\cake\libs\view\helper.php, line 415]
2014-07-05 04:52:28 Warning: Warning (2): explode() expects parameter 2 to be string, array given in [E:\xampp\htdocs\cakephp\cake\libs\view\view.php, line 626]
2014-07-05 04:52:28 Warning: Warning (2): array_shift() expects parameter 1 to be array, boolean given in [E:\xampp\htdocs\cakephp\cake\libs\view\helper.php, line 616]
2014-07-05 04:52:28 Warning: Warning (2): array_map() [<a href='http://php.net/function.array-map'>function.array-map</a>]: Argument #2 should be an array in [E:\xampp\htdocs\cakephp\cake\libs\view\helper.php, line 617]
2014-07-05 04:52:28 Warning: Warning (2): join() [<a href='http://php.net/function.join'>function.join</a>]: Invalid arguments passed in [E:\xampp\htdocs\cakephp\cake\libs\view\helper.php, line 617]
2014-07-05 04:52:28 Warning: Warning (2): strpos() expects parameter 1 to be string, array given in [E:\xampp\htdocs\cakephp\cake\libs\view\helpers\form.php, line 549]
2014-07-05 04:52:28 Warning: Warning (2): explode() expects parameter 2 to be string, array given in [E:\xampp\htdocs\cakephp\cake\libs\view\helpers\form.php, line 550]
2014-07-05 04:52:28 Warning: Warning (2): array_pop() expects parameter 1 to be array, null given in [E:\xampp\htdocs\cakephp\cake\libs\view\helpers\form.php, line 550]
2014-07-05 04:52:28 Warning: Warning (2): implode() [<a href='http://php.net/function.implode'>function.implode</a>]: Invalid arguments passed in [E:\xampp\htdocs\cakephp\cake\libs\view\helper.php, line 662]
2014-07-08 02:47:20 Warning: Warning (2): Invalid argument supplied for foreach() in [E:\xampp\htdocs\cakephp\app\views\users\cautruyvan.ctp, line 3]
2014-07-08 03:52:50 Warning: Warning (2): explode() expects parameter 2 to be string, array given in [E:\xampp\htdocs\cakephp\cake\libs\view\helper.php, line 415]
2014-07-08 03:52:50 Warning: Warning (2): array_values() expects parameter 1 to be array, boolean given in [E:\xampp\htdocs\cakephp\cake\libs\view\helper.php, line 415]
2014-07-08 03:52:50 Warning: Warning (2): explode() expects parameter 2 to be string, array given in [E:\xampp\htdocs\cakephp\cake\libs\view\view.php, line 626]
2014-07-08 03:52:50 Warning: Warning (2): array_shift() expects parameter 1 to be array, boolean given in [E:\xampp\htdocs\cakephp\cake\libs\view\helper.php, line 616]
2014-07-08 03:52:50 Warning: Warning (2): array_map() [<a href='http://php.net/function.array-map'>function.array-map</a>]: Argument #2 should be an array in [E:\xampp\htdocs\cakephp\cake\libs\view\helper.php, line 617]
2014-07-08 03:52:50 Warning: Warning (2): join() [<a href='http://php.net/function.join'>function.join</a>]: Invalid arguments passed in [E:\xampp\htdocs\cakephp\cake\libs\view\helper.php, line 617]
2014-07-08 03:52:50 Warning: Warning (2): strpos() expects parameter 1 to be string, array given in [E:\xampp\htdocs\cakephp\cake\libs\view\helpers\form.php, line 549]
2014-07-08 03:52:50 Warning: Warning (2): explode() expects parameter 2 to be string, array given in [E:\xampp\htdocs\cakephp\cake\libs\view\helpers\form.php, line 550]
2014-07-08 03:52:50 Warning: Warning (2): array_pop() expects parameter 1 to be array, null given in [E:\xampp\htdocs\cakephp\cake\libs\view\helpers\form.php, line 550]
2014-07-08 03:52:50 Warning: Warning (2): implode() [<a href='http://php.net/function.implode'>function.implode</a>]: Invalid arguments passed in [E:\xampp\htdocs\cakephp\cake\libs\view\helper.php, line 662]
2014-07-08 03:53:03 Warning: Warning (2): explode() expects parameter 2 to be string, array given in [E:\xampp\htdocs\cakephp\cake\libs\view\helper.php, line 415]
2014-07-08 03:53:03 Warning: Warning (2): array_values() expects parameter 1 to be array, boolean given in [E:\xampp\htdocs\cakephp\cake\libs\view\helper.php, line 415]
2014-07-08 03:53:03 Warning: Warning (2): explode() expects parameter 2 to be string, array given in [E:\xampp\htdocs\cakephp\cake\libs\view\view.php, line 626]
2014-07-08 03:53:03 Warning: Warning (2): array_shift() expects parameter 1 to be array, boolean given in [E:\xampp\htdocs\cakephp\cake\libs\view\helper.php, line 616]
2014-07-08 03:53:03 Warning: Warning (2): array_map() [<a href='http://php.net/function.array-map'>function.array-map</a>]: Argument #2 should be an array in [E:\xampp\htdocs\cakephp\cake\libs\view\helper.php, line 617]
2014-07-08 03:53:03 Warning: Warning (2): join() [<a href='http://php.net/function.join'>function.join</a>]: Invalid arguments passed in [E:\xampp\htdocs\cakephp\cake\libs\view\helper.php, line 617]
2014-07-08 03:53:03 Warning: Warning (2): strpos() expects parameter 1 to be string, array given in [E:\xampp\htdocs\cakephp\cake\libs\view\helpers\form.php, line 549]
2014-07-08 03:53:03 Warning: Warning (2): explode() expects parameter 2 to be string, array given in [E:\xampp\htdocs\cakephp\cake\libs\view\helpers\form.php, line 550]
2014-07-08 03:53:03 Warning: Warning (2): array_pop() expects parameter 1 to be array, null given in [E:\xampp\htdocs\cakephp\cake\libs\view\helpers\form.php, line 550]
2014-07-08 03:53:03 Warning: Warning (2): implode() [<a href='http://php.net/function.implode'>function.implode</a>]: Invalid arguments passed in [E:\xampp\htdocs\cakephp\cake\libs\view\helper.php, line 662]
2014-07-08 06:01:34 Warning: Warning (2): explode() expects parameter 2 to be string, array given in [E:\xampp\htdocs\cakephp\cake\libs\view\helper.php, line 415]
2014-07-08 06:01:34 Warning: Warning (2): array_values() expects parameter 1 to be array, boolean given in [E:\xampp\htdocs\cakephp\cake\libs\view\helper.php, line 415]
2014-07-08 06:01:34 Warning: Warning (2): explode() expects parameter 2 to be string, array given in [E:\xampp\htdocs\cakephp\cake\libs\view\view.php, line 626]
2014-07-08 06:01:34 Warning: Warning (2): array_shift() expects parameter 1 to be array, boolean given in [E:\xampp\htdocs\cakephp\cake\libs\view\helper.php, line 616]
2014-07-08 06:01:34 Warning: Warning (2): array_map() [<a href='http://php.net/function.array-map'>function.array-map</a>]: Argument #2 should be an array in [E:\xampp\htdocs\cakephp\cake\libs\view\helper.php, line 617]
2014-07-08 06:01:34 Warning: Warning (2): join() [<a href='http://php.net/function.join'>function.join</a>]: Invalid arguments passed in [E:\xampp\htdocs\cakephp\cake\libs\view\helper.php, line 617]
2014-07-08 06:01:34 Warning: Warning (2): strpos() expects parameter 1 to be string, array given in [E:\xampp\htdocs\cakephp\cake\libs\view\helpers\form.php, line 549]
2014-07-08 06:01:34 Warning: Warning (2): explode() expects parameter 2 to be string, array given in [E:\xampp\htdocs\cakephp\cake\libs\view\helpers\form.php, line 550]
2014-07-08 06:01:34 Warning: Warning (2): array_pop() expects parameter 1 to be array, null given in [E:\xampp\htdocs\cakephp\cake\libs\view\helpers\form.php, line 550]
2014-07-08 06:01:34 Warning: Warning (2): implode() [<a href='http://php.net/function.implode'>function.implode</a>]: Invalid arguments passed in [E:\xampp\htdocs\cakephp\cake\libs\view\helper.php, line 662]
2014-07-08 06:02:39 Warning: Warning (2): explode() expects parameter 2 to be string, array given in [E:\xampp\htdocs\cakephp\cake\libs\view\helper.php, line 415]
2014-07-08 06:02:39 Warning: Warning (2): array_values() expects parameter 1 to be array, boolean given in [E:\xampp\htdocs\cakephp\cake\libs\view\helper.php, line 415]
2014-07-08 06:02:39 Warning: Warning (2): explode() expects parameter 2 to be string, array given in [E:\xampp\htdocs\cakephp\cake\libs\view\view.php, line 626]
2014-07-08 06:02:39 Warning: Warning (2): array_shift() expects parameter 1 to be array, boolean given in [E:\xampp\htdocs\cakephp\cake\libs\view\helper.php, line 616]
2014-07-08 06:02:39 Warning: Warning (2): array_map() [<a href='http://php.net/function.array-map'>function.array-map</a>]: Argument #2 should be an array in [E:\xampp\htdocs\cakephp\cake\libs\view\helper.php, line 617]
2014-07-08 06:02:39 Warning: Warning (2): join() [<a href='http://php.net/function.join'>function.join</a>]: Invalid arguments passed in [E:\xampp\htdocs\cakephp\cake\libs\view\helper.php, line 617]
2014-07-08 06:02:39 Warning: Warning (2): strpos() expects parameter 1 to be string, array given in [E:\xampp\htdocs\cakephp\cake\libs\view\helpers\form.php, line 549]
2014-07-08 06:02:39 Warning: Warning (2): explode() expects parameter 2 to be string, array given in [E:\xampp\htdocs\cakephp\cake\libs\view\helpers\form.php, line 550]
2014-07-08 06:02:39 Warning: Warning (2): array_pop() expects parameter 1 to be array, null given in [E:\xampp\htdocs\cakephp\cake\libs\view\helpers\form.php, line 550]
2014-07-08 06:02:39 Warning: Warning (2): implode() [<a href='http://php.net/function.implode'>function.implode</a>]: Invalid arguments passed in [E:\xampp\htdocs\cakephp\cake\libs\view\helper.php, line 662]
2014-07-08 06:02:40 Warning: Warning (2): explode() expects parameter 2 to be string, array given in [E:\xampp\htdocs\cakephp\cake\libs\view\helper.php, line 415]
2014-07-08 06:02:40 Warning: Warning (2): array_values() expects parameter 1 to be array, boolean given in [E:\xampp\htdocs\cakephp\cake\libs\view\helper.php, line 415]
2014-07-08 06:02:40 Warning: Warning (2): explode() expects parameter 2 to be string, array given in [E:\xampp\htdocs\cakephp\cake\libs\view\view.php, line 626]
2014-07-08 06:02:40 Warning: Warning (2): array_shift() expects parameter 1 to be array, boolean given in [E:\xampp\htdocs\cakephp\cake\libs\view\helper.php, line 616]
2014-07-08 06:02:40 Warning: Warning (2): array_map() [<a href='http://php.net/function.array-map'>function.array-map</a>]: Argument #2 should be an array in [E:\xampp\htdocs\cakephp\cake\libs\view\helper.php, line 617]
2014-07-08 06:02:40 Warning: Warning (2): join() [<a href='http://php.net/function.join'>function.join</a>]: Invalid arguments passed in [E:\xampp\htdocs\cakephp\cake\libs\view\helper.php, line 617]
2014-07-08 06:02:40 Warning: Warning (2): strpos() expects parameter 1 to be string, array given in [E:\xampp\htdocs\cakephp\cake\libs\view\helpers\form.php, line 549]
2014-07-08 06:02:40 Warning: Warning (2): explode() expects parameter 2 to be string, array given in [E:\xampp\htdocs\cakephp\cake\libs\view\helpers\form.php, line 550]
2014-07-08 06:02:40 Warning: Warning (2): array_pop() expects parameter 1 to be array, null given in [E:\xampp\htdocs\cakephp\cake\libs\view\helpers\form.php, line 550]
2014-07-08 06:02:40 Warning: Warning (2): implode() [<a href='http://php.net/function.implode'>function.implode</a>]: Invalid arguments passed in [E:\xampp\htdocs\cakephp\cake\libs\view\helper.php, line 662]
2014-07-08 06:03:10 Warning: Warning (2): explode() expects parameter 2 to be string, array given in [E:\xampp\htdocs\cakephp\cake\libs\view\helper.php, line 415]
2014-07-08 06:03:10 Warning: Warning (2): array_values() expects parameter 1 to be array, boolean given in [E:\xampp\htdocs\cakephp\cake\libs\view\helper.php, line 415]
2014-07-08 06:03:10 Warning: Warning (2): explode() expects parameter 2 to be string, array given in [E:\xampp\htdocs\cakephp\cake\libs\view\view.php, line 626]
2014-07-08 06:03:10 Warning: Warning (2): array_shift() expects parameter 1 to be array, boolean given in [E:\xampp\htdocs\cakephp\cake\libs\view\helper.php, line 616]
2014-07-08 06:03:10 Warning: Warning (2): array_map() [<a href='http://php.net/function.array-map'>function.array-map</a>]: Argument #2 should be an array in [E:\xampp\htdocs\cakephp\cake\libs\view\helper.php, line 617]
2014-07-08 06:03:10 Warning: Warning (2): join() [<a href='http://php.net/function.join'>function.join</a>]: Invalid arguments passed in [E:\xampp\htdocs\cakephp\cake\libs\view\helper.php, line 617]
2014-07-08 06:03:10 Warning: Warning (2): strpos() expects parameter 1 to be string, array given in [E:\xampp\htdocs\cakephp\cake\libs\view\helpers\form.php, line 549]
2014-07-08 06:03:10 Warning: Warning (2): explode() expects parameter 2 to be string, array given in [E:\xampp\htdocs\cakephp\cake\libs\view\helpers\form.php, line 550]
2014-07-08 06:03:10 Warning: Warning (2): array_pop() expects parameter 1 to be array, null given in [E:\xampp\htdocs\cakephp\cake\libs\view\helpers\form.php, line 550]
2014-07-08 06:03:10 Warning: Warning (2): implode() [<a href='http://php.net/function.implode'>function.implode</a>]: Invalid arguments passed in [E:\xampp\htdocs\cakephp\cake\libs\view\helper.php, line 662]
2014-07-09 02:51:15 Warning: Warning (2): Cannot modify header information - headers already sent by (output started at E:\xampp\htdocs\cakephp\app\controllers\components\common.php:1) in [E:\xampp\htdocs\cakephp\cake\libs\controller\controller.php, line 746]
2014-07-09 02:51:16 Warning: Warning (2): Cannot modify header information - headers already sent by (output started at E:\xampp\htdocs\cakephp\app\controllers\components\common.php:1) in [E:\xampp\htdocs\cakephp\cake\libs\controller\controller.php, line 746]
2014-07-09 06:10:00 Warning: Warning (2): Missing argument 1 for TestHelper::create_random_string(), called in E:\xampp\htdocs\cakephp\app\views\taocomponent\test_helper.ctp on line 2 and defined in [E:\xampp\htdocs\cakephp\app\views\helpers\test.php, line 15]
2014-07-09 06:11:16 Warning: Warning (2): Missing argument 1 for TestHelper::create_random_string(), called in E:\xampp\htdocs\cakephp\app\views\taocomponent\test_helper.ctp on line 2 and defined in [E:\xampp\htdocs\cakephp\app\views\helpers\test.php, line 15]
2014-07-09 06:11:27 Warning: Warning (2): Missing argument 1 for TestHelper::create_random_string1(), called in E:\xampp\htdocs\cakephp\app\views\taocomponent\test_helper.ctp on line 2 and defined in [E:\xampp\htdocs\cakephp\app\views\helpers\test.php, line 5]
2014-07-09 06:11:28 Warning: Warning (2): Missing argument 1 for TestHelper::create_random_string1(), called in E:\xampp\htdocs\cakephp\app\views\taocomponent\test_helper.ctp on line 2 and defined in [E:\xampp\htdocs\cakephp\app\views\helpers\test.php, line 5]
2014-07-10 06:19:21 Warning: Warning (512): <span style="color:Red;text-align:left"><b>SQL Error:</b> 1064: You have an error in your SQL syntax; check the manual that corresponds to your MySQL server version for the right syntax to use near 'frm users where username=framgia and password=e10adc3949ba59abbe56e057f20f883e' at line 1</span> in [E:\xampp\htdocs\cakephp\cake\libs\model\datasources\dbo_source.php, line 684]
2014-07-10 06:20:31 Warning: Warning (512): <span style="color:Red;text-align:left"><b>SQL Error:</b> 1054: Unknown column 'framgia' in 'where clause'</span> in [E:\xampp\htdocs\cakephp\cake\libs\model\datasources\dbo_source.php, line 684]
2014-07-10 06:20:39 Warning: Warning (512): <span style="color:Red;text-align:left"><b>SQL Error:</b> 1054: Unknown column 'framgia' in 'where clause'</span> in [E:\xampp\htdocs\cakephp\cake\libs\model\datasources\dbo_source.php, line 684]
2014-07-10 07:27:58 Warning: Warning (2): Cannot modify header information - headers already sent by (output started at E:\xampp\htdocs\cakephp\app\controllers\components\upload.php:1) in [E:\xampp\htdocs\cakephp\cake\libs\controller\controller.php, line 746]
2014-07-10 09:14:44 Warning: Warning (2): Cannot modify header information - headers already sent by (output started at E:\xampp\htdocs\cakephp\app\controllers\components\upload.php:1) in [E:\xampp\htdocs\cakephp\cake\libs\controller\controller.php, line 746]
2014-07-10 09:17:42 Warning: Warning (2): Cannot modify header information - headers already sent by (output started at E:\xampp\htdocs\cakephp\app\controllers\components\upload.php:1) in [E:\xampp\htdocs\cakephp\cake\libs\controller\controller.php, line 746]
2014-07-10 09:19:53 Warning: Warning (2): Cannot modify header information - headers already sent by (output started at E:\xampp\htdocs\cakephp\app\controllers\components\upload.php:1) in [E:\xampp\htdocs\cakephp\cake\libs\controller\controller.php, line 746]
2014-07-10 09:20:05 Warning: Warning (2): Cannot modify header information - headers already sent by (output started at E:\xampp\htdocs\cakephp\app\controllers\components\upload.php:1) in [E:\xampp\htdocs\cakephp\cake\libs\controller\controller.php, line 746]
2014-07-10 09:23:46 Warning: Warning (2): Cannot modify header information - headers already sent by (output started at E:\xampp\htdocs\cakephp\app\controllers\components\upload.php:1) in [E:\xampp\htdocs\cakephp\cake\libs\controller\controller.php, line 746]
2014-07-10 09:26:59 Warning: Warning (2): Cannot modify header information - headers already sent by (output started at E:\xampp\htdocs\cakephp\app\controllers\components\upload.php:1) in [E:\xampp\htdocs\cakephp\cake\libs\controller\controller.php, line 746]
2014-07-15 03:01:02 Warning: Warning (512): <span style="color:Red;text-align:left"><b>SQL Error:</b> 1064: You have an error in your SQL syntax; check the manual that corresponds to your MySQL server version for the right syntax to use near 'getDepartment' at line 1</span> in [E:\xampp\htdocs\demo\cakephp\cake\libs\model\datasources\dbo_source.php, line 684]
2014-07-15 03:01:02 Warning: Warning (512): <span style="color:Red;text-align:left"><b>SQL Error:</b> 1064: You have an error in your SQL syntax; check the manual that corresponds to your MySQL server version for the right syntax to use near 'getDepartment' at line 1</span> in [E:\xampp\htdocs\demo\cakephp\cake\libs\model\datasources\dbo_source.php, line 684]
2014-07-15 03:02:08 Warning: Warning (512): <span style="color:Red;text-align:left"><b>SQL Error:</b> 1064: You have an error in your SQL syntax; check the manual that corresponds to your MySQL server version for the right syntax to use near 'getDepartment' at line 1</span> in [E:\xampp\htdocs\demo\cakephp\cake\libs\model\datasources\dbo_source.php, line 684]
2014-07-15 03:02:10 Warning: Warning (512): <span style="color:Red;text-align:left"><b>SQL Error:</b> 1064: You have an error in your SQL syntax; check the manual that corresponds to your MySQL server version for the right syntax to use near 'getDepartment' at line 1</span> in [E:\xampp\htdocs\demo\cakephp\cake\libs\model\datasources\dbo_source.php, line 684]
2014-07-15 03:03:34 Warning: Warning (512): <span style="color:Red;text-align:left"><b>SQL Error:</b> 1064: You have an error in your SQL syntax; check the manual that corresponds to your MySQL server version for the right syntax to use near 'getDepartment' at line 1</span> in [E:\xampp\htdocs\demo\cakephp\cake\libs\model\datasources\dbo_source.php, line 684]
2014-07-15 03:04:42 Warning: Warning (512): <span style="color:Red;text-align:left"><b>SQL Error:</b> 1064: You have an error in your SQL syntax; check the manual that corresponds to your MySQL server version for the right syntax to use near 'getDepartment' at line 1</span> in [E:\xampp\htdocs\demo\cakephp\cake\libs\model\datasources\dbo_source.php, line 684]
2014-07-15 03:04:55 Warning: Warning (512): <span style="color:Red;text-align:left"><b>SQL Error:</b> 1064: You have an error in your SQL syntax; check the manual that corresponds to your MySQL server version for the right syntax to use near 'getDepartment' at line 1</span> in [E:\xampp\htdocs\demo\cakephp\cake\libs\model\datasources\dbo_source.php, line 684]
2014-07-15 03:05:05 Warning: Warning (512): <span style="color:Red;text-align:left"><b>SQL Error:</b> 1064: You have an error in your SQL syntax; check the manual that corresponds to your MySQL server version for the right syntax to use near 'getDepartment' at line 1</span> in [E:\xampp\htdocs\demo\cakephp\cake\libs\model\datasources\dbo_source.php, line 684]
2014-07-15 03:05:30 Warning: Warning (512): <span style="color:Red;text-align:left"><b>SQL Error:</b> 1064: You have an error in your SQL syntax; check the manual that corresponds to your MySQL server version for the right syntax to use near 'getDepartment' at line 1</span> in [E:\xampp\htdocs\demo\cakephp\cake\libs\model\datasources\dbo_source.php, line 684]
2014-07-15 03:06:06 Warning: Warning (512): <span style="color:Red;text-align:left"><b>SQL Error:</b> 1064: You have an error in your SQL syntax; check the manual that corresponds to your MySQL server version for the right syntax to use near 'getDepartment' at line 1</span> in [E:\xampp\htdocs\demo\cakephp\cake\libs\model\datasources\dbo_source.php, line 684]
2014-07-15 03:12:18 Warning: Warning (512): <span style="color:Red;text-align:left"><b>SQL Error:</b> 1064: You have an error in your SQL syntax; check the manual that corresponds to your MySQL server version for the right syntax to use near 'getDepartment' at line 1</span> in [E:\xampp\htdocs\demo\cakephp\cake\libs\model\datasources\dbo_source.php, line 684]
2014-07-15 03:13:04 Warning: Warning (512): <span style="color:Red;text-align:left"><b>SQL Error:</b> 1064: You have an error in your SQL syntax; check the manual that corresponds to your MySQL server version for the right syntax to use near 'getDepartment' at line 1</span> in [E:\xampp\htdocs\demo\cakephp\cake\libs\model\datasources\dbo_source.php, line 684]
2014-07-15 03:13:30 Warning: Warning (512): <span style="color:Red;text-align:left"><b>SQL Error:</b> 1064: You have an error in your SQL syntax; check the manual that corresponds to your MySQL server version for the right syntax to use near 'getDepartment' at line 1</span> in [E:\xampp\htdocs\demo\cakephp\cake\libs\model\datasources\dbo_source.php, line 684]
2014-07-15 03:15:56 Warning: Warning (512): <span style="color:Red;text-align:left"><b>SQL Error:</b> 1064: You have an error in your SQL syntax; check the manual that corresponds to your MySQL server version for the right syntax to use near 'getDepartment' at line 1</span> in [E:\xampp\htdocs\demo\cakephp\cake\libs\model\datasources\dbo_source.php, line 684]
2014-07-15 03:18:45 Warning: Warning (512): <span style="color:Red;text-align:left"><b>SQL Error:</b> 1064: You have an error in your SQL syntax; check the manual that corresponds to your MySQL server version for the right syntax to use near 'getDepartment' at line 1</span> in [E:\xampp\htdocs\demo\cakephp\cake\libs\model\datasources\dbo_source.php, line 684]
2014-07-15 03:18:47 Warning: Warning (512): <span style="color:Red;text-align:left"><b>SQL Error:</b> 1064: You have an error in your SQL syntax; check the manual that corresponds to your MySQL server version for the right syntax to use near 'getDepartment' at line 1</span> in [E:\xampp\htdocs\demo\cakephp\cake\libs\model\datasources\dbo_source.php, line 684]
2014-07-15 03:19:11 Warning: Warning (512): <span style="color:Red;text-align:left"><b>SQL Error:</b> 1064: You have an error in your SQL syntax; check the manual that corresponds to your MySQL server version for the right syntax to use near 'getDepartment' at line 1</span> in [E:\xampp\htdocs\demo\cakephp\cake\libs\model\datasources\dbo_source.php, line 684]
2014-07-15 03:21:47 Warning: Warning (512): <span style="color:Red;text-align:left"><b>SQL Error:</b> 1064: You have an error in your SQL syntax; check the manual that corresponds to your MySQL server version for the right syntax to use near 'getDepartment' at line 1</span> in [E:\xampp\htdocs\demo\cakephp\cake\libs\model\datasources\dbo_source.php, line 684]
2014-07-15 03:23:10 Warning: Warning (512): <span style="color:Red;text-align:left"><b>SQL Error:</b> 1064: You have an error in your SQL syntax; check the manual that corresponds to your MySQL server version for the right syntax to use near 'getDepartment' at line 1</span> in [E:\xampp\htdocs\demo\cakephp\cake\libs\model\datasources\dbo_source.php, line 684]
2014-07-15 03:23:12 Warning: Warning (512): <span style="color:Red;text-align:left"><b>SQL Error:</b> 1064: You have an error in your SQL syntax; check the manual that corresponds to your MySQL server version for the right syntax to use near 'getDepartment' at line 1</span> in [E:\xampp\htdocs\demo\cakephp\cake\libs\model\datasources\dbo_source.php, line 684]
2014-07-15 03:27:51 Warning: Warning (512): <span style="color:Red;text-align:left"><b>SQL Error:</b> 1064: You have an error in your SQL syntax; check the manual that corresponds to your MySQL server version for the right syntax to use near 'getDepartment' at line 1</span> in [E:\xampp\htdocs\demo\cakephp\cake\libs\model\datasources\dbo_source.php, line 684]
2014-07-15 03:29:00 Warning: Warning (512): <span style="color:Red;text-align:left"><b>SQL Error:</b> 1064: You have an error in your SQL syntax; check the manual that corresponds to your MySQL server version for the right syntax to use near 'getTuan' at line 1</span> in [E:\xampp\htdocs\demo\cakephp\cake\libs\model\datasources\dbo_source.php, line 684]
2014-07-15 03:29:02 Warning: Warning (512): <span style="color:Red;text-align:left"><b>SQL Error:</b> 1064: You have an error in your SQL syntax; check the manual that corresponds to your MySQL server version for the right syntax to use near 'getTuan' at line 1</span> in [E:\xampp\htdocs\demo\cakephp\cake\libs\model\datasources\dbo_source.php, line 684]
2014-07-15 03:33:49 Warning: Warning (512): <span style="color:Red;text-align:left"><b>SQL Error:</b> 1064: You have an error in your SQL syntax; check the manual that corresponds to your MySQL server version for the right syntax to use near 'getDepartment' at line 1</span> in [E:\xampp\htdocs\demo\cakephp\cake\libs\model\datasources\dbo_source.php, line 684]
2014-07-15 03:35:50 Warning: Warning (512): <span style="color:Red;text-align:left"><b>SQL Error:</b> 1064: You have an error in your SQL syntax; check the manual that corresponds to your MySQL server version for the right syntax to use near 'getDepartment' at line 1</span> in [E:\xampp\htdocs\demo\cakephp\cake\libs\model\datasources\dbo_source.php, line 684]
2014-07-15 03:35:51 Warning: Warning (512): <span style="color:Red;text-align:left"><b>SQL Error:</b> 1064: You have an error in your SQL syntax; check the manual that corresponds to your MySQL server version for the right syntax to use near 'getDepartment' at line 1</span> in [E:\xampp\htdocs\demo\cakephp\cake\libs\model\datasources\dbo_source.php, line 684]
2014-07-15 03:36:05 Warning: Warning (512): <span style="color:Red;text-align:left"><b>SQL Error:</b> 1064: You have an error in your SQL syntax; check the manual that corresponds to your MySQL server version for the right syntax to use near 'getDepartment' at line 1</span> in [E:\xampp\htdocs\demo\cakephp\cake\libs\model\datasources\dbo_source.php, line 684]
2014-07-15 03:36:18 Warning: Warning (512): <span style="color:Red;text-align:left"><b>SQL Error:</b> 1064: You have an error in your SQL syntax; check the manual that corresponds to your MySQL server version for the right syntax to use near 'getDepartment' at line 1</span> in [E:\xampp\htdocs\demo\cakephp\cake\libs\model\datasources\dbo_source.php, line 684]
2014-07-15 03:36:25 Warning: Warning (512): <span style="color:Red;text-align:left"><b>SQL Error:</b> 1064: You have an error in your SQL syntax; check the manual that corresponds to your MySQL server version for the right syntax to use near 'getDepartment' at line 1</span> in [E:\xampp\htdocs\demo\cakephp\cake\libs\model\datasources\dbo_source.php, line 684]
2014-07-15 03:36:36 Warning: Warning (512): <span style="color:Red;text-align:left"><b>SQL Error:</b> 1064: You have an error in your SQL syntax; check the manual that corresponds to your MySQL server version for the right syntax to use near 'getTuan' at line 1</span> in [E:\xampp\htdocs\demo\cakephp\cake\libs\model\datasources\dbo_source.php, line 684]
2014-07-15 03:36:37 Warning: Warning (512): <span style="color:Red;text-align:left"><b>SQL Error:</b> 1064: You have an error in your SQL syntax; check the manual that corresponds to your MySQL server version for the right syntax to use near 'getTuan' at line 1</span> in [E:\xampp\htdocs\demo\cakephp\cake\libs\model\datasources\dbo_source.php, line 684]
2014-07-15 03:38:12 Warning: Warning (512): <span style="color:Red;text-align:left"><b>SQL Error:</b> 1064: You have an error in your SQL syntax; check the manual that corresponds to your MySQL server version for the right syntax to use near 'getTuan' at line 1</span> in [E:\xampp\htdocs\demo\cakephp\cake\libs\model\datasources\dbo_source.php, line 684]
2014-07-15 03:38:59 Warning: Warning (512): <span style="color:Red;text-align:left"><b>SQL Error:</b> 1064: You have an error in your SQL syntax; check the manual that corresponds to your MySQL server version for the right syntax to use near 'getTuan' at line 1</span> in [E:\xampp\htdocs\demo\cakephp\cake\libs\model\datasources\dbo_source.php, line 684]
2014-07-15 03:39:00 Warning: Warning (512): <span style="color:Red;text-align:left"><b>SQL Error:</b> 1064: You have an error in your SQL syntax; check the manual that corresponds to your MySQL server version for the right syntax to use near 'getTuan' at line 1</span> in [E:\xampp\htdocs\demo\cakephp\cake\libs\model\datasources\dbo_source.php, line 684]
2014-07-15 03:39:21 Warning: Warning (512): <span style="color:Red;text-align:left"><b>SQL Error:</b> 1064: You have an error in your SQL syntax; check the manual that corresponds to your MySQL server version for the right syntax to use near 'getTuan' at line 1</span> in [E:\xampp\htdocs\demo\cakephp\cake\libs\model\datasources\dbo_source.php, line 684]
2014-07-15 04:07:47 Warning: Warning (512): <span style="color:Red;text-align:left"><b>SQL Error:</b> 1064: You have an error in your SQL syntax; check the manual that corresponds to your MySQL server version for the right syntax to use near 'vali_department' at line 1</span> in [E:\xampp\htdocs\demo\cakephp\cake\libs\model\datasources\dbo_source.php, line 684]
2014-07-15 04:07:51 Warning: Warning (512): <span style="color:Red;text-align:left"><b>SQL Error:</b> 1064: You have an error in your SQL syntax; check the manual that corresponds to your MySQL server version for the right syntax to use near 'vali_department' at line 1</span> in [E:\xampp\htdocs\demo\cakephp\cake\libs\model\datasources\dbo_source.php, line 684]
2014-07-15 04:07:52 Warning: Warning (512): <span style="color:Red;text-align:left"><b>SQL Error:</b> 1064: You have an error in your SQL syntax; check the manual that corresponds to your MySQL server version for the right syntax to use near 'vali_department' at line 1</span> in [E:\xampp\htdocs\demo\cakephp\cake\libs\model\datasources\dbo_source.php, line 684]
2014-07-15 04:07:54 Warning: Warning (512): <span style="color:Red;text-align:left"><b>SQL Error:</b> 1064: You have an error in your SQL syntax; check the manual that corresponds to your MySQL server version for the right syntax to use near 'vali_department' at line 1</span> in [E:\xampp\htdocs\demo\cakephp\cake\libs\model\datasources\dbo_source.php, line 684]
2014-07-15 04:08:39 Warning: Warning (512): <span style="color:Red;text-align:left"><b>SQL Error:</b> 1064: You have an error in your SQL syntax; check the manual that corresponds to your MySQL server version for the right syntax to use near 'vali_department' at line 1</span> in [E:\xampp\htdocs\demo\cakephp\cake\libs\model\datasources\dbo_source.php, line 684]
2014-07-15 04:08:41 Warning: Warning (512): <span style="color:Red;text-align:left"><b>SQL Error:</b> 1064: You have an error in your SQL syntax; check the manual that corresponds to your MySQL server version for the right syntax to use near 'vali_department' at line 1</span> in [E:\xampp\htdocs\demo\cakephp\cake\libs\model\datasources\dbo_source.php, line 684]
2014-07-15 04:08:43 Warning: Warning (512): <span style="color:Red;text-align:left"><b>SQL Error:</b> 1064: You have an error in your SQL syntax; check the manual that corresponds to your MySQL server version for the right syntax to use near 'vali_department' at line 1</span> in [E:\xampp\htdocs\demo\cakephp\cake\libs\model\datasources\dbo_source.php, line 684]
2014-07-15 04:09:25 Warning: Warning (512): <span style="color:Red;text-align:left"><b>SQL Error:</b> 1064: You have an error in your SQL syntax; check the manual that corresponds to your MySQL server version for the right syntax to use near 'vali_department' at line 1</span> in [E:\xampp\htdocs\demo\cakephp\cake\libs\model\datasources\dbo_source.php, line 684]
2014-07-15 04:09:28 Warning: Warning (512): <span style="color:Red;text-align:left"><b>SQL Error:</b> 1064: You have an error in your SQL syntax; check the manual that corresponds to your MySQL server version for the right syntax to use near 'vali_department' at line 1</span> in [E:\xampp\htdocs\demo\cakephp\cake\libs\model\datasources\dbo_source.php, line 684]
2014-07-15 04:09:29 Warning: Warning (512): <span style="color:Red;text-align:left"><b>SQL Error:</b> 1064: You have an error in your SQL syntax; check the manual that corresponds to your MySQL server version for the right syntax to use near 'vali_department' at line 1</span> in [E:\xampp\htdocs\demo\cakephp\cake\libs\model\datasources\dbo_source.php, line 684]
2014-07-15 04:11:48 Warning: Warning (512): <span style="color:Red;text-align:left"><b>SQL Error:</b> 1064: You have an error in your SQL syntax; check the manual that corresponds to your MySQL server version for the right syntax to use near 'vali_department' at line 1</span> in [E:\xampp\htdocs\demo\cakephp\cake\libs\model\datasources\dbo_source.php, line 684]
2014-07-15 04:11:52 Warning: Warning (512): <span style="color:Red;text-align:left"><b>SQL Error:</b> 1064: You have an error in your SQL syntax; check the manual that corresponds to your MySQL server version for the right syntax to use near 'vali_department' at line 1</span> in [E:\xampp\htdocs\demo\cakephp\cake\libs\model\datasources\dbo_source.php, line 684]
2014-07-15 04:11:52 Warning: Warning (512): <span style="color:Red;text-align:left"><b>SQL Error:</b> 1064: You have an error in your SQL syntax; check the manual that corresponds to your MySQL server version for the right syntax to use near 'vali_department' at line 1</span> in [E:\xampp\htdocs\demo\cakephp\cake\libs\model\datasources\dbo_source.php, line 684]
2014-07-15 04:11:53 Warning: Warning (512): <span style="color:Red;text-align:left"><b>SQL Error:</b> 1064: You have an error in your SQL syntax; check the manual that corresponds to your MySQL server version for the right syntax to use near 'vali_department' at line 1</span> in [E:\xampp\htdocs\demo\cakephp\cake\libs\model\datasources\dbo_source.php, line 684]
2014-07-15 04:12:05 Warning: Warning (512): <span style="color:Red;text-align:left"><b>SQL Error:</b> 1064: You have an error in your SQL syntax; check the manual that corresponds to your MySQL server version for the right syntax to use near 'vali_department' at line 1</span> in [E:\xampp\htdocs\demo\cakephp\cake\libs\model\datasources\dbo_source.php, line 684]
2014-07-15 04:13:58 Warning: Warning (512): <span style="color:Red;text-align:left"><b>SQL Error:</b> 1064: You have an error in your SQL syntax; check the manual that corresponds to your MySQL server version for the right syntax to use near 'vali_department' at line 1</span> in [E:\xampp\htdocs\demo\cakephp\cake\libs\model\datasources\dbo_source.php, line 684]
2014-07-15 04:14:04 Warning: Warning (512): <span style="color:Red;text-align:left"><b>SQL Error:</b> 1064: You have an error in your SQL syntax; check the manual that corresponds to your MySQL server version for the right syntax to use near 'vali_department' at line 1</span> in [E:\xampp\htdocs\demo\cakephp\cake\libs\model\datasources\dbo_source.php, line 684]
2014-07-15 06:43:34 Warning: Warning (2): Missing argument 1 for FeedbackSendController::send() in [E:\xampp\htdocs\demo\cakephp\app\plugins\feedback\controllers\feedback_send_controller.php, line 6]
2014-07-15 06:44:01 Warning: Warning (2): Missing argument 1 for FeedbackSendController::send() in [E:\xampp\htdocs\demo\cakephp\app\plugins\feedback\controllers\feedback_send_controller.php, line 6]
2014-07-15 06:44:02 Warning: Warning (2): mail() [<a href='http://php.net/function.mail'>function.mail</a>]: Failed to connect to mailserver at &quot;localhost&quot; port 25, verify your &quot;SMTP&quot; and &quot;smtp_port&quot; setting in php.ini or use ini_set() in [E:\xampp\htdocs\demo\cakephp\app\plugins\feedback\models\feedback.php, line 6]
2014-07-15 06:44:02 Warning: Warning (2): Missing argument 1 for FeedbackSendController::send() in [E:\xampp\htdocs\demo\cakephp\app\plugins\feedback\controllers\feedback_send_controller.php, line 6]
2014-07-15 06:44:03 Warning: Warning (2): mail() [<a href='http://php.net/function.mail'>function.mail</a>]: Failed to connect to mailserver at &quot;localhost&quot; port 25, verify your &quot;SMTP&quot; and &quot;smtp_port&quot; setting in php.ini or use ini_set() in [E:\xampp\htdocs\demo\cakephp\app\plugins\feedback\models\feedback.php, line 6]
2014-07-22 07:19:56 Warning: Warning (512): <span style="color:Red;text-align:left"><b>SQL Error:</b> 1054: Unknown column 'Category.idDESC' in 'order clause'</span> in [E:\xampp\htdocs\demo\cakephp\cake\libs\model\datasources\dbo_source.php, line 684]
2014-07-22 07:19:56 Warning: Warning (2): Invalid argument supplied for foreach() in [E:\xampp\htdocs\demo\cakephp\app\models\category.php, line 12]
2014-07-22 07:19:57 Warning: Warning (512): <span style="color:Red;text-align:left"><b>SQL Error:</b> 1054: Unknown column 'Category.idDESC' in 'order clause'</span> in [E:\xampp\htdocs\demo\cakephp\cake\libs\model\datasources\dbo_source.php, line 684]
2014-07-22 07:19:57 Warning: Warning (2): Invalid argument supplied for foreach() in [E:\xampp\htdocs\demo\cakephp\app\models\category.php, line 12]
2014-07-22 07:20:30 Warning: Warning (512): <span style="color:Red;text-align:left"><b>SQL Error:</b> 1054: Unknown column 'Category.idDESC' in 'order clause'</span> in [E:\xampp\htdocs\demo\cakephp\cake\libs\model\datasources\dbo_source.php, line 684]
2014-07-22 07:20:30 Warning: Warning (2): Invalid argument supplied for foreach() in [E:\xampp\htdocs\demo\cakephp\app\models\category.php, line 12]
2014-07-22 07:20:43 Warning: Warning (512): <span style="color:Red;text-align:left"><b>SQL Error:</b> 1054: Unknown column 'Category.idDESC' in 'order clause'</span> in [E:\xampp\htdocs\demo\cakephp\cake\libs\model\datasources\dbo_source.php, line 684]
2014-07-22 07:20:43 Warning: Warning (2): Invalid argument supplied for foreach() in [E:\xampp\htdocs\demo\cakephp\app\models\category.php, line 12]
2014-07-22 07:21:24 Warning: Warning (512): <span style="color:Red;text-align:left"><b>SQL Error:</b> 1054: Unknown column 'Category.idDESC' in 'order clause'</span> in [E:\xampp\htdocs\demo\cakephp\cake\libs\model\datasources\dbo_source.php, line 684]
2014-07-22 07:21:24 Warning: Warning (2): Invalid argument supplied for foreach() in [E:\xampp\htdocs\demo\cakephp\app\models\category.php, line 12]
2014-07-23 04:21:35 Warning: Warning (2): Missing argument 2 for Category::buildCategories(), called in E:\xampp\htdocs\demo\cakephp\app\controllers\categories_controller.php on line 10 and defined in [E:\xampp\htdocs\demo\cakephp\app\models\category.php, line 9]
2014-07-25 07:40:04 Warning: Warning (2): Invalid argument supplied for foreach() in [E:\xampp\htdocs\demo\cakephp\app\models\category.php, line 12]
2014-07-28 03:04:51 Warning: Warning (2): Invalid argument supplied for foreach() in [E:\xampp\htdocs\demo\cakephp\app\views\elements\menu.ctp, line 7]
2014-07-30 07:11:33 Warning: Warning (2): Cannot modify header information - headers already sent by (output started at E:\xampp\htdocs\demo\cakephp\cake\libs\debugger.php:673) in [E:\xampp\htdocs\demo\cakephp\cake\libs\controller\controller.php, line 746]
2014-07-30 07:23:13 Warning: Warning (512): <span style="color:Red;text-align:left"><b>SQL Error:</b> 1064: You have an error in your SQL syntax; check the manual that corresponds to your MySQL server version for the right syntax to use near 'del' at line 1</span> in [E:\xampp\htdocs\demo\cakephp\cake\libs\model\datasources\dbo_source.php, line 684]
2014-07-30 07:23:14 Warning: Warning (512): <span style="color:Red;text-align:left"><b>SQL Error:</b> 1064: You have an error in your SQL syntax; check the manual that corresponds to your MySQL server version for the right syntax to use near 'del' at line 1</span> in [E:\xampp\htdocs\demo\cakephp\cake\libs\model\datasources\dbo_source.php, line 684]
2014-07-30 07:23:14 Warning: Warning (512): <span style="color:Red;text-align:left"><b>SQL Error:</b> 1064: You have an error in your SQL syntax; check the manual that corresponds to your MySQL server version for the right syntax to use near 'del' at line 1</span> in [E:\xampp\htdocs\demo\cakephp\cake\libs\model\datasources\dbo_source.php, line 684]
2014-07-30 07:23:14 Warning: Warning (512): <span style="color:Red;text-align:left"><b>SQL Error:</b> 1064: You have an error in your SQL syntax; check the manual that corresponds to your MySQL server version for the right syntax to use near 'del' at line 1</span> in [E:\xampp\htdocs\demo\cakephp\cake\libs\model\datasources\dbo_source.php, line 684]
